2022-02-01 12:31:28,606 +0300 [pool-1-thread-1] INFO  (Transaction.java:56) - pool-1-thread-1 перевод со счета: 1jko7 на счет: lMZQp - сумма: 1597
2022-02-01 12:31:28,610 +0300 [pool-1-thread-5] INFO  (Transaction.java:56) - pool-1-thread-5 перевод со счета: 3oKJS на счет: lMZQp - сумма: 2889
2022-02-01 12:31:28,610 +0300 [pool-1-thread-3] INFO  (Transaction.java:56) - pool-1-thread-3 перевод со счета: 1jko7 на счет: wj1eu - сумма: 1258
2022-02-01 12:31:28,610 +0300 [pool-1-thread-4] INFO  (Transaction.java:56) - pool-1-thread-4 перевод со счета: 3oKJS на счет: lMZQp - сумма: 1112
2022-02-01 12:31:28,613 +0300 [pool-1-thread-2] INFO  (Transaction.java:56) - pool-1-thread-2 перевод со счета: 3oKJS на счет: 1jko7 - сумма: 2847
2022-02-01 12:31:28,615 +0300 [pool-1-thread-6] INFO  (Transaction.java:56) - pool-1-thread-6 перевод со счета: 1jko7 на счет: wj1eu - сумма: 1996
2022-02-01 12:31:30,055 +0300 [pool-1-thread-5] INFO  (Transaction.java:38) - 6
2022-02-01 12:31:30,055 +0300 [pool-1-thread-5] INFO  (Transaction.java:56) - pool-1-thread-5 перевод со счета: 1jko7 на счет: 3oKJS - сумма: 377
2022-02-01 12:31:30,110 +0300 [pool-1-thread-7] INFO  (Transaction.java:38) - 7
2022-02-01 12:31:30,110 +0300 [pool-1-thread-7] INFO  (Transaction.java:56) - pool-1-thread-7 перевод со счета: wj1eu на счет: lMZQp - сумма: 1000
2022-02-01 12:31:30,113 +0300 [pool-1-thread-3] INFO  (Transaction.java:38) - 8
2022-02-01 12:31:30,113 +0300 [pool-1-thread-3] INFO  (Transaction.java:56) - pool-1-thread-3 перевод со счета: 1jko7 на счет: lMZQp - сумма: 851
2022-02-01 12:31:30,266 +0300 [pool-1-thread-4] INFO  (Transaction.java:38) - 9
2022-02-01 12:31:30,273 +0300 [pool-1-thread-4] ERROR (Transaction.java:64) - на счете : 3529 требуется перевести: 3631
2022-02-01 12:31:30,317 +0300 [pool-1-thread-2] INFO  (Transaction.java:38) - 9
2022-02-01 12:31:30,317 +0300 [pool-1-thread-2] INFO  (Transaction.java:56) - pool-1-thread-2 перевод со счета: lMZQp на счет: wj1eu - сумма: 1913
2022-02-01 12:31:30,407 +0300 [pool-1-thread-8] INFO  (Transaction.java:38) - 10
2022-02-01 12:31:30,407 +0300 [pool-1-thread-8] INFO  (Transaction.java:56) - pool-1-thread-8 перевод со счета: wj1eu на счет: 1jko7 - сумма: 2518
2022-02-01 12:31:30,409 +0300 [pool-1-thread-1] INFO  (Transaction.java:38) - 11
2022-02-01 12:31:30,409 +0300 [pool-1-thread-1] INFO  (Transaction.java:56) - pool-1-thread-1 перевод со счета: 1jko7 на счет: lMZQp - сумма: 63
2022-02-01 12:31:30,479 +0300 [pool-1-thread-6] INFO  (Transaction.java:38) - 12
2022-02-01 12:31:31,422 +0300 [pool-1-thread-2] INFO  (Transaction.java:38) - 12
2022-02-01 12:31:31,422 +0300 [pool-1-thread-2] INFO  (Transaction.java:56) - pool-1-thread-2 перевод со счета: 1jko7 на счет: lMZQp - сумма: 3028
2022-02-01 12:31:31,439 +0300 [pool-1-thread-5] INFO  (Transaction.java:38) - 13
2022-02-01 12:31:31,740 +0300 [pool-1-thread-4] INFO  (Transaction.java:38) - 13
2022-02-01 12:31:31,974 +0300 [pool-1-thread-3] INFO  (Transaction.java:38) - 13
2022-02-01 12:31:31,974 +0300 [pool-1-thread-3] INFO  (Transaction.java:56) - pool-1-thread-3 перевод со счета: wj1eu на счет: 1jko7 - сумма: 2558
2022-02-01 12:31:31,989 +0300 [pool-1-thread-7] INFO  (Transaction.java:38) - 14
2022-02-01 12:31:31,989 +0300 [pool-1-thread-7] INFO  (Transaction.java:56) - pool-1-thread-7 перевод со счета: lMZQp на счет: wj1eu - сумма: 897
2022-02-01 12:31:32,229 +0300 [pool-1-thread-8] INFO  (Transaction.java:38) - 15
2022-02-01 12:31:32,229 +0300 [pool-1-thread-8] INFO  (Transaction.java:56) - pool-1-thread-8 перевод со счета: 1jko7 на счет: wj1eu - сумма: 4675
2022-02-01 12:31:32,302 +0300 [pool-1-thread-1] INFO  (Transaction.java:38) - 16
2022-02-01 12:31:32,302 +0300 [pool-1-thread-1] INFO  (Transaction.java:56) - pool-1-thread-1 перевод со счета: 1jko7 на счет: 3oKJS - сумма: 1216
2022-02-01 12:31:32,303 +0300 [pool-1-thread-6] INFO  (Transaction.java:38) - 17
2022-02-01 12:31:32,303 +0300 [pool-1-thread-6] INFO  (Transaction.java:56) - pool-1-thread-6 перевод со счета: 3oKJS на счет: lMZQp - сумма: 3277
2022-02-01 12:31:32,606 +0300 [pool-1-thread-5] INFO  (Transaction.java:38) - 18
2022-02-01 12:31:32,606 +0300 [pool-1-thread-5] ERROR (Transaction.java:64) - на счете : 1468 требуется перевести: 2162
2022-02-01 12:31:32,884 +0300 [pool-1-thread-4] INFO  (Transaction.java:38) - 18
2022-02-01 12:31:32,884 +0300 [pool-1-thread-4] ERROR (Transaction.java:64) - на счете : 2862 требуется перевести: 4163
2022-02-01 12:31:33,307 +0300 [pool-1-thread-3] INFO  (Transaction.java:38) - 18
2022-02-01 12:31:33,307 +0300 [pool-1-thread-3] ERROR (Transaction.java:64) - на счете : 1468 требуется перевести: 3710
2022-02-01 12:31:33,362 +0300 [pool-1-thread-2] INFO  (Transaction.java:38) - 18
2022-02-01 12:31:33,362 +0300 [pool-1-thread-2] INFO  (Transaction.java:56) - pool-1-thread-2 перевод со счета: 3oKJS на счет: 1jko7 - сумма: 455
2022-02-01 12:31:33,552 +0300 [pool-1-thread-8] INFO  (Transaction.java:38) - 19
2022-02-01 12:31:33,552 +0300 [pool-1-thread-8] INFO  (Transaction.java:56) - pool-1-thread-8 перевод со счета: 1jko7 на счет: lMZQp - сумма: 2886
2022-02-01 12:31:33,984 +0300 [pool-1-thread-7] INFO  (Transaction.java:38) - 20
2022-02-01 12:31:33,984 +0300 [pool-1-thread-7] ERROR (Transaction.java:64) - на счете : 1013 требуется перевести: 2106
2022-02-01 12:31:33,995 +0300 [pool-1-thread-5] INFO  (Transaction.java:38) - 20
2022-02-01 12:31:33,995 +0300 [pool-1-thread-5] INFO  (Transaction.java:56) - pool-1-thread-5 перевод со счета: lMZQp на счет: 3oKJS - сумма: 4696
2022-02-01 12:31:34,066 +0300 [pool-1-thread-1] INFO  (Transaction.java:38) - 21
2022-02-01 12:31:34,066 +0300 [pool-1-thread-1] INFO  (Transaction.java:56) - pool-1-thread-1 перевод со счета: 3oKJS на счет: lMZQp - сумма: 11
2022-02-01 12:31:34,113 +0300 [pool-1-thread-6] INFO  (Transaction.java:38) - 22
2022-02-01 12:31:34,113 +0300 [pool-1-thread-6] ERROR (Transaction.java:64) - на счете : 431 требуется перевести: 2511
2022-02-01 12:31:34,669 +0300 [pool-1-thread-2] INFO  (Transaction.java:38) - 22
2022-02-01 12:31:34,669 +0300 [pool-1-thread-2] ERROR (Transaction.java:64) - на счете : 431 требуется перевести: 1673
2022-02-01 12:31:34,821 +0300 [pool-1-thread-4] INFO  (Transaction.java:38) - 22
2022-02-01 12:31:34,821 +0300 [pool-1-thread-4] INFO  (Transaction.java:56) - pool-1-thread-4 перевод со счета: wj1eu на счет: 3oKJS - сумма: 878
2022-02-01 12:31:35,302 +0300 [pool-1-thread-3] INFO  (Transaction.java:38) - 23
2022-02-01 12:31:35,302 +0300 [pool-1-thread-3] INFO  (Transaction.java:56) - pool-1-thread-3 перевод со счета: 3oKJS на счет: wj1eu - сумма: 148
2022-02-01 12:31:35,530 +0300 [pool-1-thread-8] INFO  (Transaction.java:38) - 24
2022-02-01 12:31:35,530 +0300 [pool-1-thread-6] INFO  (Transaction.java:38) - 24
2022-02-01 12:31:35,530 +0300 [pool-1-thread-8] INFO  (Transaction.java:56) - pool-1-thread-8 перевод со счета: wj1eu на счет: 1jko7 - сумма: 1397
2022-02-01 12:31:35,530 +0300 [pool-1-thread-6] INFO  (Transaction.java:56) - pool-1-thread-6 перевод со счета: lMZQp на счет: wj1eu - сумма: 2785
2022-02-01 12:31:35,539 +0300 [pool-1-thread-7] INFO  (Transaction.java:38) - 26
2022-02-01 12:31:35,539 +0300 [pool-1-thread-7] INFO  (Transaction.java:56) - pool-1-thread-7 перевод со счета: lMZQp на счет: wj1eu - сумма: 1601
2022-02-01 12:31:35,758 +0300 [pool-1-thread-5] INFO  (Transaction.java:38) - 27
2022-02-01 12:31:35,982 +0300 [pool-1-thread-4] INFO  (Transaction.java:38) - 27
2022-02-01 12:31:35,982 +0300 [pool-1-thread-4] INFO  (Transaction.java:56) - pool-1-thread-4 перевод со счета: wj1eu на счет: lMZQp - сумма: 3928
2022-02-01 12:31:36,051 +0300 [pool-1-thread-1] INFO  (Transaction.java:38) - 28
2022-02-01 12:31:36,051 +0300 [pool-1-thread-1] INFO  (Transaction.java:56) - pool-1-thread-1 перевод со счета: 3oKJS на счет: lMZQp - сумма: 4982
2022-02-01 12:31:36,322 +0300 [pool-1-thread-3] INFO  (Transaction.java:38) - 29
2022-02-01 12:31:36,465 +0300 [pool-1-thread-2] INFO  (Transaction.java:38) - 29
2022-02-01 12:31:36,465 +0300 [pool-1-thread-2] INFO  (Transaction.java:56) - pool-1-thread-2 перевод со счета: lMZQp на счет: wj1eu - сумма: 1426
2022-02-01 12:31:36,750 +0300 [pool-1-thread-6] INFO  (Transaction.java:38) - 30
2022-02-01 12:31:36,849 +0300 [pool-1-thread-5] INFO  (Transaction.java:38) - 30
2022-02-01 12:31:37,091 +0300 [pool-1-thread-4] INFO  (Transaction.java:38) - 30
2022-02-01 12:31:37,257 +0300 [pool-1-thread-1] INFO  (Transaction.java:38) - 30
2022-02-01 12:31:37,265 +0300 [pool-1-thread-8] INFO  (Transaction.java:38) - 30
2022-02-01 12:31:37,360 +0300 [pool-1-thread-7] INFO  (Transaction.java:38) - 30
2022-02-01 12:31:37,729 +0300 [pool-1-thread-3] INFO  (Transaction.java:38) - 30
2022-02-01 12:31:38,131 +0300 [pool-1-thread-2] INFO  (Transaction.java:38) - 30
